🚀 Anagram Game Server running on port 3000
📡 Status endpoint: http://localhost:3000/api/status
🔌 WebSocket server ready for connections
2025-07-06T11:29:42.604Z - GET /api/status
2025-07-06T11:30:07.307Z - GET /api/status
🔌 Client connected: jj0BM7sgY7g6ui3IAAAB (Total: 1)
2025-07-06T11:30:11.252Z - POST /api/players/register
👤 Player registered: Bgh (player_1751801411252_y1ig968r6)
2025-07-06T11:30:11.263Z - GET /api/players/online
👤 Player connected via socket: Bgh (jj0BM7sgY7g6ui3IAAAB)
👤 Player socket disconnected: Bgh (jj0BM7sgY7g6ui3IAAAB)
👤 Player disconnected: Bgh (player_1751801411252_y1ig968r6)
🔌 Client disconnected: jj0BM7sgY7g6ui3IAAAB (Total: 0)
2025-07-06T11:30:33.470Z - GET /api/status
2025-07-06T11:31:00.472Z - GET /api/status
2025-07-06T11:31:52.136Z - GET /api/status
2025-07-06T11:34:29.140Z - GET /api/status
2025-07-06T11:35:33.075Z - GET /api/status
🔌 Client connected: aofvUQYGhiefge5CAAAD (Total: 1)
2025-07-06T11:35:34.143Z - POST /api/players/register
👤 Player registered: Bgh (player_1751801734143_b09jtnnm4)
2025-07-06T11:35:34.152Z - GET /api/players/online
👤 Player connected via socket: Bgh (aofvUQYGhiefge5CAAAD)
2025-07-06T11:35:44.204Z - GET /api/status
👤 Player socket disconnected: Bgh (aofvUQYGhiefge5CAAAD)
👤 Player disconnected: Bgh (player_1751801734143_b09jtnnm4)
🔌 Client disconnected: aofvUQYGhiefge5CAAAD (Total: 0)
2025-07-06T11:35:51.353Z - GET /api/status
2025-07-06T11:38:42.335Z - GET /api/status
2025-07-06T11:40:21.182Z - GET /api/status
🔌 Client connected: 6stsZ4UpgDfX3dSiAAAF (Total: 1)
2025-07-06T11:40:22.203Z - POST /api/players/register
👤 Player registered: Bgh (player_1751802022203_50ohtwhnz)
2025-07-06T11:40:22.215Z - GET /api/players/online
👤 Player connected via socket: Bgh (6stsZ4UpgDfX3dSiAAAF)
2025-07-06T11:40:28.616Z - GET /api/status
👤 Player socket disconnected: Bgh (6stsZ4UpgDfX3dSiAAAF)
👤 Player disconnected: Bgh (player_1751802022203_50ohtwhnz)
🔌 Client disconnected: 6stsZ4UpgDfX3dSiAAAF (Total: 0)
2025-07-06T11:40:32.540Z - GET /api/status
2025-07-06T11:40:45.807Z - GET /api/status
🔌 Client connected: fgnIkBH5DIrFSljOAAAH (Total: 1)
2025-07-06T11:40:46.902Z - POST /api/players/register
👤 Player registered: Bgh (player_1751802046902_xuev40ph0)
2025-07-06T11:40:46.919Z - GET /api/players/online
🔌 Client disconnected: fgnIkBH5DIrFSljOAAAH (Total: 0)
2025-07-06T11:40:50.514Z - GET /api/status
2025-07-06T11:43:27.808Z - GET /api/status
🔌 Client connected: x0ZjMr4ds0V7wJutAAAJ (Total: 1)
2025-07-06T11:43:28.914Z - POST /api/players/register
2025-07-06T11:43:32.633Z - POST /api/players/register
👤 Player registered: Jjjkkk (player_1751802212634_8mc37nuy8)
2025-07-06T11:43:32.653Z - GET /api/players/online
2025-07-06T11:43:32.947Z - POST /api/players/register
👤 Player connected via socket: Jjjkkk (x0ZjMr4ds0V7wJutAAAJ)
2025-07-06T11:43:42.669Z - GET /api/status
👤 Player socket disconnected: Jjjkkk (x0ZjMr4ds0V7wJutAAAJ)
👤 Player disconnected: Jjjkkk (player_1751802212634_8mc37nuy8)
🔌 Client disconnected: x0ZjMr4ds0V7wJutAAAJ (Total: 0)
2025-07-06T11:43:49.871Z - GET /api/status
2025-07-06T11:45:20.594Z - GET /api/status
🔌 Client connected: zErV3pLNGdoP0J_KAAAL (Total: 1)
2025-07-06T11:45:21.661Z - POST /api/players/register
👤 Player registered: Jjjkkk (player_1751802321661_6uqknu3yz)
2025-07-06T11:45:21.700Z - GET /api/players/online
👤 Player connected via socket: Jjjkkk (zErV3pLNGdoP0J_KAAAL)
👤 Player socket disconnected: Jjjkkk (zErV3pLNGdoP0J_KAAAL)
👤 Player disconnected: Jjjkkk (player_1751802321661_6uqknu3yz)
🔌 Client disconnected: zErV3pLNGdoP0J_KAAAL (Total: 0)
2025-07-06T11:45:38.918Z - GET /api/status
2025-07-06T11:46:02.667Z - GET /api/status
2025-07-06T11:48:32.478Z - GET /api/status
🔌 Client connected: TfSWezAeAJdrcNVhAAAN (Total: 1)
2025-07-06T11:48:33.518Z - POST /api/players/register
👤 Player registered: Jjjkkk (player_1751802513518_lmdmw6spr)
2025-07-06T11:48:33.562Z - GET /api/players/online
👤 Player connected via socket: Jjjkkk (TfSWezAeAJdrcNVhAAAN)
👤 Player socket disconnected: Jjjkkk (TfSWezAeAJdrcNVhAAAN)
👤 Player disconnected: Jjjkkk (player_1751802513518_lmdmw6spr)
🔌 Client disconnected: TfSWezAeAJdrcNVhAAAN (Total: 0)
2025-07-06T11:48:50.824Z - GET /api/status
2025-07-06T11:49:31.262Z - GET /api/status
👤 Player disconnected: Bgh (player_1751802046902_xuev40ph0)
🧹 Cleaned up 1 inactive players
2025-07-06T11:51:17.657Z - GET /api/status
🔌 Client connected: tTDv76FFND8QoHVZAAAP (Total: 1)
2025-07-06T11:51:18.686Z - POST /api/players/register
👤 Player registered: Jjjkkk (player_1751802678686_hpi9tue1a)
2025-07-06T11:51:18.728Z - GET /api/players/online
👤 Player connected via socket: Jjjkkk (tTDv76FFND8QoHVZAAAP)
👤 Player socket disconnected: Jjjkkk (tTDv76FFND8QoHVZAAAP)
👤 Player disconnected: Jjjkkk (player_1751802678686_hpi9tue1a)
🔌 Client disconnected: tTDv76FFND8QoHVZAAAP (Total: 0)
2025-07-06T11:51:35.900Z - GET /api/status
2025-07-06T11:52:09.558Z - GET /api/status
2025-07-06T11:52:09.655Z - GET /favicon.ico
2025-07-06T11:53:12.546Z - GET /api/status
🔌 Client connected: MdQVILgPjQ0ZZPFuAAAR (Total: 1)
2025-07-06T11:53:13.666Z - POST /api/players/register
👤 Player registered: Jjjkkk (player_1751802793666_24bbxo2rr)
2025-07-06T11:53:13.706Z - GET /api/players/online
👤 Player connected via socket: Jjjkkk (MdQVILgPjQ0ZZPFuAAAR)
👤 Player socket disconnected: Jjjkkk (MdQVILgPjQ0ZZPFuAAAR)
👤 Player disconnected: Jjjkkk (player_1751802793666_24bbxo2rr)
🔌 Client disconnected: MdQVILgPjQ0ZZPFuAAAR (Total: 0)
2025-07-06T11:53:30.891Z - GET /api/status
2025-07-06T11:58:07.103Z - GET /api/status
🔌 Client connected: y6wn1KNsgeG4U-VeAAAT (Total: 1)
2025-07-06T11:58:13.496Z - POST /api/players/register
👤 Player registered: Greg (player_1751803093496_wl0aqi1v1)
2025-07-06T11:58:13.516Z - GET /api/players/online
👤 Player connected via socket: Greg (y6wn1KNsgeG4U-VeAAAT)
👤 Player socket disconnected: Greg (y6wn1KNsgeG4U-VeAAAT)
👤 Player disconnected: Greg (player_1751803093496_wl0aqi1v1)
🔌 Client disconnected: y6wn1KNsgeG4U-VeAAAT (Total: 0)
2025-07-06T11:58:30.685Z - GET /api/status
